<?xml version="1.0" encoding="UTF-8"?>
<testsuite name="ChekerTests" tests="3" skipped="0" failures="0" errors="0" timestamp="2020-10-09T18:58:50" hostname="DESKTOP-T2NF97K" time="0.318">
  <properties/>
  <testcase name="horizontalTest" classname="ChekerTests" time="0.002"/>
  <testcase name="diagonalTest" classname="ChekerTests" time="0.0"/>
  <testcase name="AI2Test" classname="ChekerTests" time="0.315"/>
  <system-out><![CDATA[257278
Р°Р»РіРѕСЂРёС‚Рј Р·Р°РЅСЏР»  133706500
]]></system-out>
  <system-err><![CDATA[]]></system-err>
</testsuite>
