<?xml version="1.0" encoding="UTF-8"?>
<testsuite name="ChekerTests" tests="1" skipped="0" failures="0" errors="0" timestamp="2020-10-19T16:15:05" hostname="DESKTOP-T2NF97K" time="0.045">
  <properties/>
  <testcase name="test" classname="ChekerTests" time="0.045"/>
  <system-out><![CDATA[java.awt.Point[x=1,y=0]
]]></system-out>
  <system-err><![CDATA[]]></system-err>
</testsuite>
